ERROR - 2026-06-15 06:09:59 --> Error connecting to the database: mysqli_sql_exception: No connection could be made because the target machine actively refused it in C:\xampp\htdocs\UAS_Web2_312410523_denfahmisatria\backend-api\system\Database\MySQLi\Connection.php:201
Stack trace:
#0 C:\xampp\htdocs\UAS_Web2_312410523_denfahmisatria\backend-api\system\Database\MySQLi\Connection.php(201): mysqli->real_connect('localhost', 'root', Object(SensitiveParameterValue), '', 3306, '', 0)
#1 C:\xampp\htdocs\UAS_Web2_312410523_denfahmisatria\backend-api\system\Database\BaseConnection.php(419): CodeIgniter\Database\MySQLi\Connection->connect(false)
#2 C:\xampp\htdocs\UAS_Web2_312410523_denfahmisatria\backend-api\system\Database\Database.php(74): CodeIgniter\Database\BaseConnection->initialize()
#3 C:\xampp\htdocs\UAS_Web2_312410523_denfahmisatria\backend-api\system\Database\Config.php(111): CodeIgniter\Database\Database->loadForge(Object(CodeIgniter\Database\MySQLi\Connection))
#4 C:\xampp\htdocs\UAS_Web2_312410523_denfahmisatria\backend-api\system\Commands\Database\CreateDatabase.php(136): CodeIgniter\Database\Config::forge()
#5 C:\xampp\htdocs\UAS_Web2_312410523_denfahmisatria\backend-api\system\CLI\Commands.php(74): CodeIgniter\Commands\Database\CreateDatabase->run(Array)
#6 C:\xampp\htdocs\UAS_Web2_312410523_denfahmisatria\backend-api\system\CLI\Console.php(47): CodeIgniter\CLI\Commands->run('db:create', Array)
#7 C:\xampp\htdocs\UAS_Web2_312410523_denfahmisatria\backend-api\system\Boot.php(442): CodeIgniter\CLI\Console->run()
#8 C:\xampp\htdocs\UAS_Web2_312410523_denfahmisatria\backend-api\system\Boot.php(166): CodeIgniter\Boot::runCommand(Object(CodeIgniter\CLI\Console))
#9 C:\xampp\htdocs\UAS_Web2_312410523_denfahmisatria\backend-api\spark(87): CodeIgniter\Boot::bootSpark(Object(Config\Paths))
#10 {main}

Next CodeIgniter\Database\Exceptions\DatabaseException: No connection could be made because the target machine actively refused it in C:\xampp\htdocs\UAS_Web2_312410523_denfahmisatria\backend-api\system\Database\MySQLi\Connection.php:231
Stack trace:
#0 C:\xampp\htdocs\UAS_Web2_312410523_denfahmisatria\backend-api\system\Database\BaseConnection.php(419): CodeIgniter\Database\MySQLi\Connection->connect(false)
#1 C:\xampp\htdocs\UAS_Web2_312410523_denfahmisatria\backend-api\system\Database\Database.php(74): CodeIgniter\Database\BaseConnection->initialize()
#2 C:\xampp\htdocs\UAS_Web2_312410523_denfahmisatria\backend-api\system\Database\Config.php(111): CodeIgniter\Database\Database->loadForge(Object(CodeIgniter\Database\MySQLi\Connection))
#3 C:\xampp\htdocs\UAS_Web2_312410523_denfahmisatria\backend-api\system\Commands\Database\CreateDatabase.php(136): CodeIgniter\Database\Config::forge()
#4 C:\xampp\htdocs\UAS_Web2_312410523_denfahmisatria\backend-api\system\CLI\Commands.php(74): CodeIgniter\Commands\Database\CreateDatabase->run(Array)
#5 C:\xampp\htdocs\UAS_Web2_312410523_denfahmisatria\backend-api\system\CLI\Console.php(47): CodeIgniter\CLI\Commands->run('db:create', Array)
#6 C:\xampp\htdocs\UAS_Web2_312410523_denfahmisatria\backend-api\system\Boot.php(442): CodeIgniter\CLI\Console->run()
#7 C:\xampp\htdocs\UAS_Web2_312410523_denfahmisatria\backend-api\system\Boot.php(166): CodeIgniter\Boot::runCommand(Object(CodeIgniter\CLI\Console))
#8 C:\xampp\htdocs\UAS_Web2_312410523_denfahmisatria\backend-api\spark(87): CodeIgniter\Boot::bootSpark(Object(Config\Paths))
#9 {main}
ERROR - 2026-06-15 06:14:47 --> Can't create database 'uas_web2_inventory'; database exists
in SYSTEMPATH\Database\MySQLi\Connection.php on line 300.
 1 SYSTEMPATH\Database\MySQLi\Connection.php(300): mysqli->query('CREATE DATABASE `uas_web2_inventory` CHARACTER SET utf8mb4 COLLATE utf8mb4_general_ci', 0)
 2 SYSTEMPATH\Database\BaseConnection.php(769): CodeIgniter\Database\MySQLi\Connection->execute('CREATE DATABASE `uas_web2_inventory` CHARACTER SET utf8mb4 COLLATE utf8mb4_general_ci')
 3 SYSTEMPATH\Database\BaseConnection.php(686): CodeIgniter\Database\BaseConnection->simpleQuery('CREATE DATABASE `uas_web2_inventory` CHARACTER SET utf8mb4 COLLATE utf8mb4_general_ci')
 4 SYSTEMPATH\Database\Forge.php(232): CodeIgniter\Database\BaseConnection->query('CREATE DATABASE `uas_web2_inventory` CHARACTER SET utf8mb4 COLLATE utf8mb4_general_ci')
 5 SYSTEMPATH\Commands\Database\CreateDatabase.php(136): CodeIgniter\Database\Forge->createDatabase('uas_web2_inventory')
 6 SYSTEMPATH\CLI\Commands.php(74): CodeIgniter\Commands\Database\CreateDatabase->run([])
 7 SYSTEMPATH\CLI\Console.php(47): CodeIgniter\CLI\Commands->run('db:create', [...])
 8 SYSTEMPATH\Boot.php(442): CodeIgniter\CLI\Console->run()
 9 SYSTEMPATH\Boot.php(166): CodeIgniter\Boot::runCommand(Object(CodeIgniter\CLI\Console))
10 ROOTPATH\spark(87): CodeIgniter\Boot::bootSpark(Object(Config\Paths))
ERROR - 2026-06-15 06:18:17 --> Table 'users' already exists
in SYSTEMPATH\Database\MySQLi\Connection.php on line 300.
 1 SYSTEMPATH\Database\MySQLi\Connection.php(300): mysqli->query('CREATE TABLE `users` (
	`id` INT(11) UNSIGNED NOT NULL AUTO_INCREMENT,
	`username` VARCHAR(100) NOT NULL,
	`password` VARCHAR(255) NOT NULL,
	`token` VARCHAR(255) NULL,
	`created_at` DATETIME NULL,
	`updated_at` DATETIME NULL,
	CONSTRAINT `pk_users` PRIMARY KEY(`id`)
) DEFAULT CHARACTER SET = utf8mb4 COLLATE = utf8mb4_general_ci', 0)
 2 SYSTEMPATH\Database\BaseConnection.php(769): CodeIgniter\Database\MySQLi\Connection->execute('CREATE TABLE `users` (
	`id` INT(11) UNSIGNED NOT NULL AUTO_INCREMENT,
	`username` VARCHAR(100) NOT NULL,
	`password` VARCHAR(255) NOT NULL,
	`token` VARCHAR(255) NULL,
	`created_at` DATETIME NULL,
	`updated_at` DATETIME NULL,
	CONSTRAINT `pk_users` PRIMARY KEY(`id`)
) DEFAULT CHARACTER SET = utf8mb4 COLLATE = utf8mb4_general_ci')
 3 SYSTEMPATH\Database\BaseConnection.php(686): CodeIgniter\Database\BaseConnection->simpleQuery('CREATE TABLE `users` (
	`id` INT(11) UNSIGNED NOT NULL AUTO_INCREMENT,
	`username` VARCHAR(100) NOT NULL,
	`password` VARCHAR(255) NOT NULL,
	`token` VARCHAR(255) NULL,
	`created_at` DATETIME NULL,
	`updated_at` DATETIME NULL,
	CONSTRAINT `pk_users` PRIMARY KEY(`id`)
) DEFAULT CHARACTER SET = utf8mb4 COLLATE = utf8mb4_general_ci')
 4 SYSTEMPATH\Database\Forge.php(570): CodeIgniter\Database\BaseConnection->query('CREATE TABLE `users` (
	`id` INT(11) UNSIGNED NOT NULL AUTO_INCREMENT,
	`username` VARCHAR(100) NOT NULL,
	`password` VARCHAR(255) NOT NULL,
	`token` VARCHAR(255) NULL,
	`created_at` DATETIME NULL,
	`updated_at` DATETIME NULL,
	CONSTRAINT `pk_users` PRIMARY KEY(`id`)
) DEFAULT CHARACTER SET = utf8mb4 COLLATE = utf8mb4_general_ci')
 5 APPPATH\Database\Migrations\2026-06-15-061027_Users.php(41): CodeIgniter\Database\Forge->createTable('users')
 6 SYSTEMPATH\Database\MigrationRunner.php(1014): App\Database\Migrations\Users->up()
 7 SYSTEMPATH\Database\MigrationRunner.php(202): CodeIgniter\Database\MigrationRunner->migrate('up', Object(stdClass))
 8 SYSTEMPATH\Commands\Database\Migrate.php(89): CodeIgniter\Database\MigrationRunner->latest(null)
 9 SYSTEMPATH\CLI\SignalTrait.php(245): CodeIgniter\Commands\Database\Migrate::CodeIgniter\Commands\Database\{closure}()
10 SYSTEMPATH\Commands\Database\Migrate.php(88): CodeIgniter\Commands\Database\Migrate->withSignalsBlocked(Object(Closure))
11 SYSTEMPATH\CLI\Commands.php(74): CodeIgniter\Commands\Database\Migrate->run([])
12 SYSTEMPATH\CLI\Console.php(47): CodeIgniter\CLI\Commands->run('migrate', [])
13 SYSTEMPATH\Boot.php(442): CodeIgniter\CLI\Console->run()
14 SYSTEMPATH\Boot.php(166): CodeIgniter\Boot::runCommand(Object(CodeIgniter\CLI\Console))
15 ROOTPATH\spark(87): CodeIgniter\Boot::bootSpark(Object(Config\Paths))
ERROR - 2026-06-15 06:18:18 --> Unknown column 'updated_at' in 'field list'
in SYSTEMPATH\Database\MySQLi\Connection.php on line 300.
 1 SYSTEMPATH\Database\MySQLi\Connection.php(300): mysqli->query('INSERT INTO `users` (`username`, `password`, `created_at`, `updated_at`) VALUES (\'admin\', \'$2y$10$auyWCIM4sbki.IEiKvFinOIWqBnjSuiPFe1IWSSre0Lgg8YYgNIZi\', \'2026-06-15 06:18:18\', \'2026-06-15 06:18:18\')', 0)
 2 SYSTEMPATH\Database\BaseConnection.php(769): CodeIgniter\Database\MySQLi\Connection->execute('INSERT INTO `users` (`username`, `password`, `created_at`, `updated_at`) VALUES (\'admin\', \'$2y$10$auyWCIM4sbki.IEiKvFinOIWqBnjSuiPFe1IWSSre0Lgg8YYgNIZi\', \'2026-06-15 06:18:18\', \'2026-06-15 06:18:18\')')
 3 SYSTEMPATH\Database\BaseConnection.php(686): CodeIgniter\Database\BaseConnection->simpleQuery('INSERT INTO `users` (`username`, `password`, `created_at`, `updated_at`) VALUES (\'admin\', \'$2y$10$auyWCIM4sbki.IEiKvFinOIWqBnjSuiPFe1IWSSre0Lgg8YYgNIZi\', \'2026-06-15 06:18:18\', \'2026-06-15 06:18:18\')')
 4 SYSTEMPATH\Database\BaseBuilder.php(2345): CodeIgniter\Database\BaseConnection->query('INSERT INTO `users` (`username`, `password`, `created_at`, `updated_at`) VALUES (:username:, :password:, :created_at:, :updated_at:)', [...], false)
 5 APPPATH\Database\Seeds\UserSeeder.php(18): CodeIgniter\Database\BaseBuilder->insert([...])
 6 SYSTEMPATH\Database\Seeder.php(155): App\Database\Seeds\UserSeeder->run()
 7 SYSTEMPATH\Commands\Database\Seed.php(79): CodeIgniter\Database\Seeder->call('App\\Database\\Seeds\\UserSeeder')
 8 SYSTEMPATH\CLI\Commands.php(74): CodeIgniter\Commands\Database\Seed->run([])
 9 SYSTEMPATH\CLI\Console.php(47): CodeIgniter\CLI\Commands->run('db:seed', [...])
10 SYSTEMPATH\Boot.php(442): CodeIgniter\CLI\Console->run()
11 SYSTEMPATH\Boot.php(166): CodeIgniter\Boot::runCommand(Object(CodeIgniter\CLI\Console))
12 ROOTPATH\spark(87): CodeIgniter\Boot::bootSpark(Object(Config\Paths))
ERROR - 2026-06-15 06:19:24 --> Table 'users' already exists
in SYSTEMPATH\Database\MySQLi\Connection.php on line 300.
 1 SYSTEMPATH\Database\MySQLi\Connection.php(300): mysqli->query('CREATE TABLE `users` (
	`id` INT(11) UNSIGNED NOT NULL AUTO_INCREMENT,
	`username` VARCHAR(100) NOT NULL,
	`password` VARCHAR(255) NOT NULL,
	`token` VARCHAR(255) NULL,
	`created_at` DATETIME NULL,
	`updated_at` DATETIME NULL,
	CONSTRAINT `pk_users` PRIMARY KEY(`id`)
) DEFAULT CHARACTER SET = utf8mb4 COLLATE = utf8mb4_general_ci', 0)
 2 SYSTEMPATH\Database\BaseConnection.php(769): CodeIgniter\Database\MySQLi\Connection->execute('CREATE TABLE `users` (
	`id` INT(11) UNSIGNED NOT NULL AUTO_INCREMENT,
	`username` VARCHAR(100) NOT NULL,
	`password` VARCHAR(255) NOT NULL,
	`token` VARCHAR(255) NULL,
	`created_at` DATETIME NULL,
	`updated_at` DATETIME NULL,
	CONSTRAINT `pk_users` PRIMARY KEY(`id`)
) DEFAULT CHARACTER SET = utf8mb4 COLLATE = utf8mb4_general_ci')
 3 SYSTEMPATH\Database\BaseConnection.php(686): CodeIgniter\Database\BaseConnection->simpleQuery('CREATE TABLE `users` (
	`id` INT(11) UNSIGNED NOT NULL AUTO_INCREMENT,
	`username` VARCHAR(100) NOT NULL,
	`password` VARCHAR(255) NOT NULL,
	`token` VARCHAR(255) NULL,
	`created_at` DATETIME NULL,
	`updated_at` DATETIME NULL,
	CONSTRAINT `pk_users` PRIMARY KEY(`id`)
) DEFAULT CHARACTER SET = utf8mb4 COLLATE = utf8mb4_general_ci')
 4 SYSTEMPATH\Database\Forge.php(570): CodeIgniter\Database\BaseConnection->query('CREATE TABLE `users` (
	`id` INT(11) UNSIGNED NOT NULL AUTO_INCREMENT,
	`username` VARCHAR(100) NOT NULL,
	`password` VARCHAR(255) NOT NULL,
	`token` VARCHAR(255) NULL,
	`created_at` DATETIME NULL,
	`updated_at` DATETIME NULL,
	CONSTRAINT `pk_users` PRIMARY KEY(`id`)
) DEFAULT CHARACTER SET = utf8mb4 COLLATE = utf8mb4_general_ci')
 5 APPPATH\Database\Migrations\2026-06-15-061027_Users.php(41): CodeIgniter\Database\Forge->createTable('users')
 6 SYSTEMPATH\Database\MigrationRunner.php(1014): App\Database\Migrations\Users->up()
 7 SYSTEMPATH\Database\MigrationRunner.php(202): CodeIgniter\Database\MigrationRunner->migrate('up', Object(stdClass))
 8 SYSTEMPATH\Commands\Database\Migrate.php(89): CodeIgniter\Database\MigrationRunner->latest(null)
 9 SYSTEMPATH\CLI\SignalTrait.php(245): CodeIgniter\Commands\Database\Migrate::CodeIgniter\Commands\Database\{closure}()
10 SYSTEMPATH\Commands\Database\Migrate.php(88): CodeIgniter\Commands\Database\Migrate->withSignalsBlocked(Object(Closure))
11 SYSTEMPATH\CLI\Commands.php(74): CodeIgniter\Commands\Database\Migrate->run([...])
12 SYSTEMPATH\CLI\BaseCommand.php(119): CodeIgniter\CLI\Commands->run('migrate', [...])
13 SYSTEMPATH\Commands\Database\MigrateRefresh.php(91): CodeIgniter\CLI\BaseCommand->call('migrate', [...])
14 SYSTEMPATH\CLI\SignalTrait.php(245): CodeIgniter\Commands\Database\MigrateRefresh->CodeIgniter\Commands\Database\{closure}()
15 SYSTEMPATH\Commands\Database\MigrateRefresh.php(89): CodeIgniter\Commands\Database\MigrateRefresh->withSignalsBlocked(Object(Closure))
16 SYSTEMPATH\CLI\Commands.php(74): CodeIgniter\Commands\Database\MigrateRefresh->run([...])
17 SYSTEMPATH\CLI\Console.php(47): CodeIgniter\CLI\Commands->run('migrate:refresh', [])
18 SYSTEMPATH\Boot.php(442): CodeIgniter\CLI\Console->run()
19 SYSTEMPATH\Boot.php(166): CodeIgniter\Boot::runCommand(Object(CodeIgniter\CLI\Console))
20 ROOTPATH\spark(87): CodeIgniter\Boot::bootSpark(Object(Config\Paths))
